<?xml version="1.0" encoding="UTF-8"?>
<robot generator="Robot 3.0 (Jython 2.7.0 on java1.8.0_111)" generated="20170123 13:29:51.887">
<suite source="C:\Users\Brighid Maura\Downloads\CS 310\tic-tac-toe\tic-tac-toe\src\test\acceptancetest" name="Acceptancetest" id="s1">
<suite source="C:\Users\Brighid Maura\Downloads\CS 310\tic-tac-toe\tic-tac-toe\src\test\acceptancetest\TicTacToeTests.txt" name="TicTacToeTests" id="s1-s1">
<test name="Win Diagonally as X" id="s1-s1-t1">
<kw library="keywords.TicTacToeKeywords" name="Start New Game">
<status endtime="20170123 13:29:52.231" starttime="20170123 13:29:52.231" status="PASS"></status>
</kw>
<kw library="keywords.TicTacToeKeywords" name="Mark Location">
<arguments>
<arg>1</arg>
<arg>1</arg>
</arguments>
<status endtime="20170123 13:29:52.247" starttime="20170123 13:29:52.247" status="PASS"></status>
</kw>
<kw name="Check Location">
<arguments>
<arg>1</arg>
<arg>1</arg>
<arg>X</arg>
</arguments>
<kw library="keywords.TicTacToeKeywords" name="Get Mark">
<arguments>
<arg>${row}</arg>
<arg>${col}</arg>
</arguments>
<assign>
<var>${m}</var>
</assign>
<msg level="INFO" timestamp="20170123 13:29:52.247">${m} = X</msg>
<status endtime="20170123 13:29:52.247" starttime="20170123 13:29:52.247" status="PASS"></status>
</kw>
<kw library="BuiltIn" name="Should Be Equal">
<doc>Fails if the given objects are unequal.</doc>
<arguments>
<arg>${m}</arg>
<arg>${mark}</arg>
</arguments>
<status endtime="20170123 13:29:52.262" starttime="20170123 13:29:52.247" status="PASS"></status>
</kw>
<status endtime="20170123 13:29:52.262" starttime="20170123 13:29:52.247" status="PASS"></status>
</kw>
<kw library="keywords.TicTacToeKeywords" name="Mark Location">
<arguments>
<arg>0</arg>
<arg>1</arg>
</arguments>
<status endtime="20170123 13:29:52.262" starttime="20170123 13:29:52.262" status="PASS"></status>
</kw>
<kw name="Check Location">
<arguments>
<arg>0</arg>
<arg>1</arg>
<arg>O</arg>
</arguments>
<kw library="keywords.TicTacToeKeywords" name="Get Mark">
<arguments>
<arg>${row}</arg>
<arg>${col}</arg>
</arguments>
<assign>
<var>${m}</var>
</assign>
<msg level="INFO" timestamp="20170123 13:29:52.278">${m} = O</msg>
<status endtime="20170123 13:29:52.278" starttime="20170123 13:29:52.262" status="PASS"></status>
</kw>
<kw library="BuiltIn" name="Should Be Equal">
<doc>Fails if the given objects are unequal.</doc>
<arguments>
<arg>${m}</arg>
<arg>${mark}</arg>
</arguments>
<status endtime="20170123 13:29:52.278" starttime="20170123 13:29:52.278" status="PASS"></status>
</kw>
<status endtime="20170123 13:29:52.278" starttime="20170123 13:29:52.262" status="PASS"></status>
</kw>
<kw library="keywords.TicTacToeKeywords" name="Mark Location">
<arguments>
<arg>0</arg>
<arg>0</arg>
</arguments>
<status endtime="20170123 13:29:52.278" starttime="20170123 13:29:52.278" status="PASS"></status>
</kw>
<kw name="Check Location">
<arguments>
<arg>0</arg>
<arg>0</arg>
<arg>X</arg>
</arguments>
<kw library="keywords.TicTacToeKeywords" name="Get Mark">
<arguments>
<arg>${row}</arg>
<arg>${col}</arg>
</arguments>
<assign>
<var>${m}</var>
</assign>
<msg level="INFO" timestamp="20170123 13:29:52.293">${m} = X</msg>
<status endtime="20170123 13:29:52.293" starttime="20170123 13:29:52.278" status="PASS"></status>
</kw>
<kw library="BuiltIn" name="Should Be Equal">
<doc>Fails if the given objects are unequal.</doc>
<arguments>
<arg>${m}</arg>
<arg>${mark}</arg>
</arguments>
<status endtime="20170123 13:29:52.293" starttime="20170123 13:29:52.293" status="PASS"></status>
</kw>
<status endtime="20170123 13:29:52.293" starttime="20170123 13:29:52.278" status="PASS"></status>
</kw>
<kw library="keywords.TicTacToeKeywords" name="Mark Location">
<arguments>
<arg>0</arg>
<arg>2</arg>
</arguments>
<status endtime="20170123 13:29:52.309" starttime="20170123 13:29:52.309" status="PASS"></status>
</kw>
<kw name="Check Location">
<arguments>
<arg>0</arg>
<arg>2</arg>
<arg>O</arg>
</arguments>
<kw library="keywords.TicTacToeKeywords" name="Get Mark">
<arguments>
<arg>${row}</arg>
<arg>${col}</arg>
</arguments>
<assign>
<var>${m}</var>
</assign>
<msg level="INFO" timestamp="20170123 13:29:52.309">${m} = O</msg>
<status endtime="20170123 13:29:52.309" starttime="20170123 13:29:52.309" status="PASS"></status>
</kw>
<kw library="BuiltIn" name="Should Be Equal">
<doc>Fails if the given objects are unequal.</doc>
<arguments>
<arg>${m}</arg>
<arg>${mark}</arg>
</arguments>
<status endtime="20170123 13:29:52.325" starttime="20170123 13:29:52.309" status="PASS"></status>
</kw>
<status endtime="20170123 13:29:52.325" starttime="20170123 13:29:52.309" status="PASS"></status>
</kw>
<kw library="keywords.TicTacToeKeywords" name="Mark Location">
<arguments>
<arg>2</arg>
<arg>2</arg>
</arguments>
<status endtime="20170123 13:29:52.325" starttime="20170123 13:29:52.325" status="PASS"></status>
</kw>
<kw name="Check Location">
<arguments>
<arg>2</arg>
<arg>2</arg>
<arg>X</arg>
</arguments>
<kw library="keywords.TicTacToeKeywords" name="Get Mark">
<arguments>
<arg>${row}</arg>
<arg>${col}</arg>
</arguments>
<assign>
<var>${m}</var>
</assign>
<msg level="INFO" timestamp="20170123 13:29:52.325">${m} = X</msg>
<status endtime="20170123 13:29:52.325" starttime="20170123 13:29:52.325" status="PASS"></status>
</kw>
<kw library="BuiltIn" name="Should Be Equal">
<doc>Fails if the given objects are unequal.</doc>
<arguments>
<arg>${m}</arg>
<arg>${mark}</arg>
</arguments>
<status endtime="20170123 13:29:52.340" starttime="20170123 13:29:52.325" status="PASS"></status>
</kw>
<status endtime="20170123 13:29:52.340" starttime="20170123 13:29:52.325" status="PASS"></status>
</kw>
<kw name="Winner Should Be">
<arguments>
<arg>X</arg>
</arguments>
<kw library="keywords.TicTacToeKeywords" name="Get Winner">
<assign>
<var>${m}</var>
</assign>
<msg level="INFO" timestamp="20170123 13:29:52.340">${m} = X</msg>
<status endtime="20170123 13:29:52.340" starttime="20170123 13:29:52.340" status="PASS"></status>
</kw>
<kw library="BuiltIn" name="Should Be Equal">
<doc>Fails if the given objects are unequal.</doc>
<arguments>
<arg>${m}</arg>
<arg>${mark}</arg>
</arguments>
<status endtime="20170123 13:29:52.356" starttime="20170123 13:29:52.340" status="PASS"></status>
</kw>
<status endtime="20170123 13:29:52.356" starttime="20170123 13:29:52.340" status="PASS"></status>
</kw>
<status critical="yes" endtime="20170123 13:29:52.372" starttime="20170123 13:29:52.231" status="PASS"></status>
</test>
<test name="Win Horizontally as O" id="s1-s1-t2">
<kw library="keywords.TicTacToeKeywords" name="Start New Game">
<status endtime="20170123 13:29:52.372" starttime="20170123 13:29:52.372" status="PASS"></status>
</kw>
<kw library="keywords.TicTacToeKeywords" name="Mark Location">
<arguments>
<arg>1</arg>
<arg>1</arg>
</arguments>
<status endtime="20170123 13:29:52.372" starttime="20170123 13:29:52.372" status="PASS"></status>
</kw>
<kw name="Check Location">
<arguments>
<arg>1</arg>
<arg>1</arg>
<arg>X</arg>
</arguments>
<kw library="keywords.TicTacToeKeywords" name="Get Mark">
<arguments>
<arg>${row}</arg>
<arg>${col}</arg>
</arguments>
<assign>
<var>${m}</var>
</assign>
<msg level="INFO" timestamp="20170123 13:29:52.387">${m} = X</msg>
<status endtime="20170123 13:29:52.387" starttime="20170123 13:29:52.387" status="PASS"></status>
</kw>
<kw library="BuiltIn" name="Should Be Equal">
<doc>Fails if the given objects are unequal.</doc>
<arguments>
<arg>${m}</arg>
<arg>${mark}</arg>
</arguments>
<status endtime="20170123 13:29:52.387" starttime="20170123 13:29:52.387" status="PASS"></status>
</kw>
<status endtime="20170123 13:29:52.387" starttime="20170123 13:29:52.372" status="PASS"></status>
</kw>
<kw library="keywords.TicTacToeKeywords" name="Mark Location">
<arguments>
<arg>2</arg>
<arg>0</arg>
</arguments>
<status endtime="20170123 13:29:52.387" starttime="20170123 13:29:52.387" status="PASS"></status>
</kw>
<kw name="Check Location">
<arguments>
<arg>2</arg>
<arg>0</arg>
<arg>O</arg>
</arguments>
<kw library="keywords.TicTacToeKeywords" name="Get Mark">
<arguments>
<arg>${row}</arg>
<arg>${col}</arg>
</arguments>
<assign>
<var>${m}</var>
</assign>
<msg level="INFO" timestamp="20170123 13:29:52.403">${m} = O</msg>
<status endtime="20170123 13:29:52.403" starttime="20170123 13:29:52.403" status="PASS"></status>
</kw>
<kw library="BuiltIn" name="Should Be Equal">
<doc>Fails if the given objects are unequal.</doc>
<arguments>
<arg>${m}</arg>
<arg>${mark}</arg>
</arguments>
<status endtime="20170123 13:29:52.403" starttime="20170123 13:29:52.403" status="PASS"></status>
</kw>
<status endtime="20170123 13:29:52.403" starttime="20170123 13:29:52.387" status="PASS"></status>
</kw>
<kw library="keywords.TicTacToeKeywords" name="Mark Location">
<arguments>
<arg>0</arg>
<arg>0</arg>
</arguments>
<status endtime="20170123 13:29:52.403" starttime="20170123 13:29:52.403" status="PASS"></status>
</kw>
<kw name="Check Location">
<arguments>
<arg>0</arg>
<arg>0</arg>
<arg>X</arg>
</arguments>
<kw library="keywords.TicTacToeKeywords" name="Get Mark">
<arguments>
<arg>${row}</arg>
<arg>${col}</arg>
</arguments>
<assign>
<var>${m}</var>
</assign>
<msg level="INFO" timestamp="20170123 13:29:52.418">${m} = X</msg>
<status endtime="20170123 13:29:52.418" starttime="20170123 13:29:52.418" status="PASS"></status>
</kw>
<kw library="BuiltIn" name="Should Be Equal">
<doc>Fails if the given objects are unequal.</doc>
<arguments>
<arg>${m}</arg>
<arg>${mark}</arg>
</arguments>
<status endtime="20170123 13:29:52.418" starttime="20170123 13:29:52.418" status="PASS"></status>
</kw>
<status endtime="20170123 13:29:52.418" starttime="20170123 13:29:52.418" status="PASS"></status>
</kw>
<kw library="keywords.TicTacToeKeywords" name="Mark Location">
<arguments>
<arg>2</arg>
<arg>2</arg>
</arguments>
<status endtime="20170123 13:29:52.434" starttime="20170123 13:29:52.418" status="PASS"></status>
</kw>
<kw name="Check Location">
<arguments>
<arg>2</arg>
<arg>2</arg>
<arg>O</arg>
</arguments>
<kw library="keywords.TicTacToeKeywords" name="Get Mark">
<arguments>
<arg>${row}</arg>
<arg>${col}</arg>
</arguments>
<assign>
<var>${m}</var>
</assign>
<msg level="INFO" timestamp="20170123 13:29:52.434">${m} = O</msg>
<status endtime="20170123 13:29:52.434" starttime="20170123 13:29:52.434" status="PASS"></status>
</kw>
<kw library="BuiltIn" name="Should Be Equal">
<doc>Fails if the given objects are unequal.</doc>
<arguments>
<arg>${m}</arg>
<arg>${mark}</arg>
</arguments>
<status endtime="20170123 13:29:52.434" starttime="20170123 13:29:52.434" status="PASS"></status>
</kw>
<status endtime="20170123 13:29:52.434" starttime="20170123 13:29:52.434" status="PASS"></status>
</kw>
<kw library="keywords.TicTacToeKeywords" name="Mark Location">
<arguments>
<arg>0</arg>
<arg>2</arg>
</arguments>
<status endtime="20170123 13:29:52.450" starttime="20170123 13:29:52.434" status="PASS"></status>
</kw>
<kw name="Check Location">
<arguments>
<arg>0</arg>
<arg>2</arg>
<arg>X</arg>
</arguments>
<kw library="keywords.TicTacToeKeywords" name="Get Mark">
<arguments>
<arg>${row}</arg>
<arg>${col}</arg>
</arguments>
<assign>
<var>${m}</var>
</assign>
<msg level="INFO" timestamp="20170123 13:29:52.450">${m} = X</msg>
<status endtime="20170123 13:29:52.450" starttime="20170123 13:29:52.450" status="PASS"></status>
</kw>
<kw library="BuiltIn" name="Should Be Equal">
<doc>Fails if the given objects are unequal.</doc>
<arguments>
<arg>${m}</arg>
<arg>${mark}</arg>
</arguments>
<status endtime="20170123 13:29:52.450" starttime="20170123 13:29:52.450" status="PASS"></status>
</kw>
<status endtime="20170123 13:29:52.450" starttime="20170123 13:29:52.450" status="PASS"></status>
</kw>
<kw library="keywords.TicTacToeKeywords" name="Mark Location">
<arguments>
<arg>2</arg>
<arg>1</arg>
</arguments>
<status endtime="20170123 13:29:52.450" starttime="20170123 13:29:52.450" status="PASS"></status>
</kw>
<kw name="Check Location">
<arguments>
<arg>2</arg>
<arg>1</arg>
<arg>O</arg>
</arguments>
<kw library="keywords.TicTacToeKeywords" name="Get Mark">
<arguments>
<arg>${row}</arg>
<arg>${col}</arg>
</arguments>
<assign>
<var>${m}</var>
</assign>
<msg level="INFO" timestamp="20170123 13:29:52.465">${m} = O</msg>
<status endtime="20170123 13:29:52.465" starttime="20170123 13:29:52.465" status="PASS"></status>
</kw>
<kw library="BuiltIn" name="Should Be Equal">
<doc>Fails if the given objects are unequal.</doc>
<arguments>
<arg>${m}</arg>
<arg>${mark}</arg>
</arguments>
<status endtime="20170123 13:29:52.465" starttime="20170123 13:29:52.465" status="PASS"></status>
</kw>
<status endtime="20170123 13:29:52.465" starttime="20170123 13:29:52.465" status="PASS"></status>
</kw>
<kw name="Winner Should Be">
<arguments>
<arg>O</arg>
</arguments>
<kw library="keywords.TicTacToeKeywords" name="Get Winner">
<assign>
<var>${m}</var>
</assign>
<msg level="INFO" timestamp="20170123 13:29:52.481">${m} = O</msg>
<status endtime="20170123 13:29:52.481" starttime="20170123 13:29:52.481" status="PASS"></status>
</kw>
<kw library="BuiltIn" name="Should Be Equal">
<doc>Fails if the given objects are unequal.</doc>
<arguments>
<arg>${m}</arg>
<arg>${mark}</arg>
</arguments>
<status endtime="20170123 13:29:52.481" starttime="20170123 13:29:52.481" status="PASS"></status>
</kw>
<status endtime="20170123 13:29:52.481" starttime="20170123 13:29:52.465" status="PASS"></status>
</kw>
<status critical="yes" endtime="20170123 13:29:52.481" starttime="20170123 13:29:52.372" status="PASS"></status>
</test>
<test name="Force a Tie" id="s1-s1-t3">
<kw library="keywords.TicTacToeKeywords" name="Start New Game">
<status endtime="20170123 13:29:52.497" starttime="20170123 13:29:52.497" status="PASS"></status>
</kw>
<kw library="keywords.TicTacToeKeywords" name="Mark Location">
<arguments>
<arg>1</arg>
<arg>1</arg>
</arguments>
<status endtime="20170123 13:29:52.497" starttime="20170123 13:29:52.497" status="PASS"></status>
</kw>
<kw name="Check Location">
<arguments>
<arg>1</arg>
<arg>1</arg>
<arg>X</arg>
</arguments>
<kw library="keywords.TicTacToeKeywords" name="Get Mark">
<arguments>
<arg>${row}</arg>
<arg>${col}</arg>
</arguments>
<assign>
<var>${m}</var>
</assign>
<msg level="INFO" timestamp="20170123 13:29:52.497">${m} = X</msg>
<status endtime="20170123 13:29:52.497" starttime="20170123 13:29:52.497" status="PASS"></status>
</kw>
<kw library="BuiltIn" name="Should Be Equal">
<doc>Fails if the given objects are unequal.</doc>
<arguments>
<arg>${m}</arg>
<arg>${mark}</arg>
</arguments>
<status endtime="20170123 13:29:52.512" starttime="20170123 13:29:52.512" status="PASS"></status>
</kw>
<status endtime="20170123 13:29:52.512" starttime="20170123 13:29:52.497" status="PASS"></status>
</kw>
<kw library="keywords.TicTacToeKeywords" name="Mark Location">
<arguments>
<arg>0</arg>
<arg>0</arg>
</arguments>
<status endtime="20170123 13:29:52.512" starttime="20170123 13:29:52.512" status="PASS"></status>
</kw>
<kw name="Check Location">
<arguments>
<arg>0</arg>
<arg>0</arg>
<arg>O</arg>
</arguments>
<kw library="keywords.TicTacToeKeywords" name="Get Mark">
<arguments>
<arg>${row}</arg>
<arg>${col}</arg>
</arguments>
<assign>
<var>${m}</var>
</assign>
<msg level="INFO" timestamp="20170123 13:29:52.512">${m} = O</msg>
<status endtime="20170123 13:29:52.512" starttime="20170123 13:29:52.512" status="PASS"></status>
</kw>
<kw library="BuiltIn" name="Should Be Equal">
<doc>Fails if the given objects are unequal.</doc>
<arguments>
<arg>${m}</arg>
<arg>${mark}</arg>
</arguments>
<status endtime="20170123 13:29:52.528" starttime="20170123 13:29:52.528" status="PASS"></status>
</kw>
<status endtime="20170123 13:29:52.528" starttime="20170123 13:29:52.512" status="PASS"></status>
</kw>
<kw library="keywords.TicTacToeKeywords" name="Mark Location">
<arguments>
<arg>2</arg>
<arg>0</arg>
</arguments>
<status endtime="20170123 13:29:52.528" starttime="20170123 13:29:52.528" status="PASS"></status>
</kw>
<kw name="Check Location">
<arguments>
<arg>2</arg>
<arg>0</arg>
<arg>X</arg>
</arguments>
<kw library="keywords.TicTacToeKeywords" name="Get Mark">
<arguments>
<arg>${row}</arg>
<arg>${col}</arg>
</arguments>
<assign>
<var>${m}</var>
</assign>
<msg level="INFO" timestamp="20170123 13:29:52.543">${m} = X</msg>
<status endtime="20170123 13:29:52.543" starttime="20170123 13:29:52.528" status="PASS"></status>
</kw>
<kw library="BuiltIn" name="Should Be Equal">
<doc>Fails if the given objects are unequal.</doc>
<arguments>
<arg>${m}</arg>
<arg>${mark}</arg>
</arguments>
<status endtime="20170123 13:29:52.543" starttime="20170123 13:29:52.543" status="PASS"></status>
</kw>
<status endtime="20170123 13:29:52.543" starttime="20170123 13:29:52.528" status="PASS"></status>
</kw>
<kw library="keywords.TicTacToeKeywords" name="Mark Location">
<arguments>
<arg>0</arg>
<arg>2</arg>
</arguments>
<status endtime="20170123 13:29:52.543" starttime="20170123 13:29:52.543" status="PASS"></status>
</kw>
<kw name="Check Location">
<arguments>
<arg>0</arg>
<arg>2</arg>
<arg>O</arg>
</arguments>
<kw library="keywords.TicTacToeKeywords" name="Get Mark">
<arguments>
<arg>${row}</arg>
<arg>${col}</arg>
</arguments>
<assign>
<var>${m}</var>
</assign>
<msg level="INFO" timestamp="20170123 13:29:52.559">${m} = O</msg>
<status endtime="20170123 13:29:52.559" starttime="20170123 13:29:52.543" status="PASS"></status>
</kw>
<kw library="BuiltIn" name="Should Be Equal">
<doc>Fails if the given objects are unequal.</doc>
<arguments>
<arg>${m}</arg>
<arg>${mark}</arg>
</arguments>
<status endtime="20170123 13:29:52.559" starttime="20170123 13:29:52.559" status="PASS"></status>
</kw>
<status endtime="20170123 13:29:52.559" starttime="20170123 13:29:52.543" status="PASS"></status>
</kw>
<kw library="keywords.TicTacToeKeywords" name="Mark Location">
<arguments>
<arg>0</arg>
<arg>1</arg>
</arguments>
<status endtime="20170123 13:29:52.575" starttime="20170123 13:29:52.559" status="PASS"></status>
</kw>
<kw name="Check Location">
<arguments>
<arg>0</arg>
<arg>1</arg>
<arg>X</arg>
</arguments>
<kw library="keywords.TicTacToeKeywords" name="Get Mark">
<arguments>
<arg>${row}</arg>
<arg>${col}</arg>
</arguments>
<assign>
<var>${m}</var>
</assign>
<msg level="INFO" timestamp="20170123 13:29:52.575">${m} = X</msg>
<status endtime="20170123 13:29:52.575" starttime="20170123 13:29:52.575" status="PASS"></status>
</kw>
<kw library="BuiltIn" name="Should Be Equal">
<doc>Fails if the given objects are unequal.</doc>
<arguments>
<arg>${m}</arg>
<arg>${mark}</arg>
</arguments>
<status endtime="20170123 13:29:52.590" starttime="20170123 13:29:52.590" status="PASS"></status>
</kw>
<status endtime="20170123 13:29:52.590" starttime="20170123 13:29:52.575" status="PASS"></status>
</kw>
<kw library="keywords.TicTacToeKeywords" name="Mark Location">
<arguments>
<arg>2</arg>
<arg>1</arg>
</arguments>
<status endtime="20170123 13:29:52.590" starttime="20170123 13:29:52.590" status="PASS"></status>
</kw>
<kw name="Check Location">
<arguments>
<arg>2</arg>
<arg>1</arg>
<arg>O</arg>
</arguments>
<kw library="keywords.TicTacToeKeywords" name="Get Mark">
<arguments>
<arg>${row}</arg>
<arg>${col}</arg>
</arguments>
<assign>
<var>${m}</var>
</assign>
<msg level="INFO" timestamp="20170123 13:29:52.606">${m} = O</msg>
<status endtime="20170123 13:29:52.606" starttime="20170123 13:29:52.606" status="PASS"></status>
</kw>
<kw library="BuiltIn" name="Should Be Equal">
<doc>Fails if the given objects are unequal.</doc>
<arguments>
<arg>${m}</arg>
<arg>${mark}</arg>
</arguments>
<status endtime="20170123 13:29:52.606" starttime="20170123 13:29:52.606" status="PASS"></status>
</kw>
<status endtime="20170123 13:29:52.606" starttime="20170123 13:29:52.606" status="PASS"></status>
</kw>
<kw library="keywords.TicTacToeKeywords" name="Mark Location">
<arguments>
<arg>1</arg>
<arg>2</arg>
</arguments>
<status endtime="20170123 13:29:52.606" starttime="20170123 13:29:52.606" status="PASS"></status>
</kw>
<kw name="Check Location">
<arguments>
<arg>1</arg>
<arg>2</arg>
<arg>X</arg>
</arguments>
<kw library="keywords.TicTacToeKeywords" name="Get Mark">
<arguments>
<arg>${row}</arg>
<arg>${col}</arg>
</arguments>
<assign>
<var>${m}</var>
</assign>
<msg level="INFO" timestamp="20170123 13:29:52.622">${m} = X</msg>
<status endtime="20170123 13:29:52.622" starttime="20170123 13:29:52.622" status="PASS"></status>
</kw>
<kw library="BuiltIn" name="Should Be Equal">
<doc>Fails if the given objects are unequal.</doc>
<arguments>
<arg>${m}</arg>
<arg>${mark}</arg>
</arguments>
<status endtime="20170123 13:29:52.622" starttime="20170123 13:29:52.622" status="PASS"></status>
</kw>
<status endtime="20170123 13:29:52.622" starttime="20170123 13:29:52.606" status="PASS"></status>
</kw>
<kw library="keywords.TicTacToeKeywords" name="Mark Location">
<arguments>
<arg>1</arg>
<arg>0</arg>
</arguments>
<status endtime="20170123 13:29:52.622" starttime="20170123 13:29:52.622" status="PASS"></status>
</kw>
<kw name="Check Location">
<arguments>
<arg>1</arg>
<arg>0</arg>
<arg>O</arg>
</arguments>
<kw library="keywords.TicTacToeKeywords" name="Get Mark">
<arguments>
<arg>${row}</arg>
<arg>${col}</arg>
</arguments>
<assign>
<var>${m}</var>
</assign>
<msg level="INFO" timestamp="20170123 13:29:52.637">${m} = O</msg>
<status endtime="20170123 13:29:52.637" starttime="20170123 13:29:52.622" status="PASS"></status>
</kw>
<kw library="BuiltIn" name="Should Be Equal">
<doc>Fails if the given objects are unequal.</doc>
<arguments>
<arg>${m}</arg>
<arg>${mark}</arg>
</arguments>
<status endtime="20170123 13:29:52.637" starttime="20170123 13:29:52.637" status="PASS"></status>
</kw>
<status endtime="20170123 13:29:52.637" starttime="20170123 13:29:52.622" status="PASS"></status>
</kw>
<kw library="keywords.TicTacToeKeywords" name="Mark Location">
<arguments>
<arg>2</arg>
<arg>2</arg>
</arguments>
<status endtime="20170123 13:29:52.637" starttime="20170123 13:29:52.637" status="PASS"></status>
</kw>
<kw name="Check Location">
<arguments>
<arg>2</arg>
<arg>2</arg>
<arg>X</arg>
</arguments>
<kw library="keywords.TicTacToeKeywords" name="Get Mark">
<arguments>
<arg>${row}</arg>
<arg>${col}</arg>
</arguments>
<assign>
<var>${m}</var>
</assign>
<msg level="INFO" timestamp="20170123 13:29:52.637">${m} = X</msg>
<status endtime="20170123 13:29:52.637" starttime="20170123 13:29:52.637" status="PASS"></status>
</kw>
<kw library="BuiltIn" name="Should Be Equal">
<doc>Fails if the given objects are unequal.</doc>
<arguments>
<arg>${m}</arg>
<arg>${mark}</arg>
</arguments>
<status endtime="20170123 13:29:52.653" starttime="20170123 13:29:52.637" status="PASS"></status>
</kw>
<status endtime="20170123 13:29:52.653" starttime="20170123 13:29:52.637" status="PASS"></status>
</kw>
<kw name="Winner Should Be">
<arguments>
<arg>TIE</arg>
</arguments>
<kw library="keywords.TicTacToeKeywords" name="Get Winner">
<assign>
<var>${m}</var>
</assign>
<msg level="INFO" timestamp="20170123 13:29:52.653">${m} = TIE</msg>
<status endtime="20170123 13:29:52.653" starttime="20170123 13:29:52.653" status="PASS"></status>
</kw>
<kw library="BuiltIn" name="Should Be Equal">
<doc>Fails if the given objects are unequal.</doc>
<arguments>
<arg>${m}</arg>
<arg>${mark}</arg>
</arguments>
<status endtime="20170123 13:29:52.653" starttime="20170123 13:29:52.653" status="PASS"></status>
</kw>
<status endtime="20170123 13:29:52.653" starttime="20170123 13:29:52.653" status="PASS"></status>
</kw>
<status critical="yes" endtime="20170123 13:29:52.653" starttime="20170123 13:29:52.481" status="PASS"></status>
</test>
<status endtime="20170123 13:29:52.669" starttime="20170123 13:29:52.184" status="PASS"></status>
</suite>
<status endtime="20170123 13:29:52.669" starttime="20170123 13:29:51.903" status="PASS"></status>
</suite>
<statistics>
<total>
<stat pass="3" fail="0">Critical Tests</stat>
<stat pass="3" fail="0">All Tests</stat>
</total>
<tag>
</tag>
<suite>
<stat pass="3" fail="0" name="Acceptancetest" id="s1">Acceptancetest</stat>
<stat pass="3" fail="0" name="TicTacToeTests" id="s1-s1">Acceptancetest.TicTacToeTests</stat>
</suite>
</statistics>
<errors>
</errors>
</robot>
